<?xml version="1.0" encoding="UTF-8"?>
<!-- Generated by org.testng.reporters.JUnitXMLReporter -->
<testsuite hostname="WINCTRL-DP65RH5" ignored="2" name="Test" tests="2" failures="0" timestamp="2020-07-03T14:32:28 IST" time="111.802" errors="0">
  <testcase name="Login_Logout" time="40.386" classname="testcases.TC_01"/>
  <testcase name="Add_User" time="58.576" classname="testcases.TC_02"/>
  <testcase name="@BeforeTest extentreport" time="0.0" classname="configuration.StartBrowser">
    <ignored/>
  </testcase> <!-- @BeforeTest extentreport -->
  <testcase name="@BeforeTest extentreport" time="0.0" classname="configuration.StartBrowser">
    <ignored/>
  </testcase> <!-- @BeforeTest extentreport -->
</testsuite> <!-- Test -->
