<?xml version="1.0" encoding="UTF-8"?>
<!-- Generated by org.testng.reporters.JUnitXMLReporter -->
<testsuite hostname="WINCTRL-DP65RH5" ignored="2" name="Test1" tests="2" failures="0" timestamp="2020-06-28T13:11:04 IST" time="109.78" errors="0">
  <testcase name="Login_Logout" time="40.901" classname="testcases.TC_01"/>
  <testcase name="Add_User" time="57.602" classname="testcases.TC_02"/>
  <testcase name="@BeforeTest extentreport" time="0.0" classname="configuration.StartBrowser">
    <ignored/>
  </testcase> <!-- @BeforeTest extentreport -->
  <testcase name="@BeforeTest extentreport" time="0.0" classname="configuration.StartBrowser">
    <ignored/>
  </testcase> <!-- @BeforeTest extentreport -->
</testsuite> <!-- Test1 -->
