<?xml version="1.0" encoding="UTF-8"?>
<!-- Generated by org.testng.reporters.JUnitXMLReporter -->
<testsuite hostname="WINCTRL-DP65RH5" ignored="2" name="Test" tests="3" failures="0" timestamp="2020-06-29T15:18:44 IST" time="102.849" errors="0">
  <testcase name="Login_Logout" time="16.16" classname="testcases.TC_01"/>
  <testcase name="Add_User" time="36.924" classname="testcases.TC_02"/>
  <testcase name="deleteUser" time="32.845" classname="testcases.TC_03"/>
  <testcase name="@BeforeTest extentreport" time="0.0" classname="configuration.StartBrowser">
    <ignored/>
  </testcase> <!-- @BeforeTest extentreport -->
  <testcase name="@BeforeTest extentreport" time="0.0" classname="configuration.StartBrowser">
    <ignored/>
  </testcase> <!-- @BeforeTest extentreport -->
</testsuite> <!-- Test -->
