<?xml version="1.0" encoding="UTF-8"?>
<testng-results skipped="0" failed="0" ignored="2" total="4" passed="2">
  <reporter-output>
  </reporter-output>
  <suite name="OrangeSuite" duration-ms="111802" started-at="2020-07-03T14:30:36 IST" finished-at="2020-07-03T14:32:28 IST">
    <groups>
    </groups>
    <test name="Test" duration-ms="111802" started-at="2020-07-03T14:30:36 IST" finished-at="2020-07-03T14:32:28 IST">
      <class name="configuration.StartBrowser">
        <test-method status="PASS" signature="extentreport()[pri:0, instance:configuration.StartBrowser@49993335]" name="extentreport" is-config="true" duration-ms="177" started-at="2020-07-03T14:30:36 IST" finished-at="2020-07-03T14:30:37 IST">
          <reporter-output>
          </reporter-output>
        </test-method> <!-- extentreport -->
      </class> <!-- configuration.StartBrowser -->
      <class name="testcases.TC_01">
        <test-method status="PASS" signature="setUp()[pri:0, instance:testcases.TC_01@20322d26]" name="setUp" is-config="true" duration-ms="5631" started-at="2020-07-03T14:30:37 IST" finished-at="2020-07-03T14:30:42 IST">
          <reporter-output>
          </reporter-output>
        </test-method> <!-- setUp -->
        <test-method status="PASS" signature="method(java.lang.reflect.Method)[pri:0, instance:testcases.TC_01@20322d26]" name="method" is-config="true" duration-ms="8" started-at="2020-07-03T14:30:42 IST" finished-at="2020-07-03T14:30:42 IST">
          <params>
            <param index="0">
              <value>
                <![CDATA[public void testcases.TC_01.Login_Logout() throws java.io.IOException]]>
              </value>
            </param>
          </params>
          <reporter-output>
          </reporter-output>
        </test-method> <!-- method -->
        <test-method status="PASS" signature="Login_Logout()[pri:0, instance:testcases.TC_01@20322d26]" name="Login_Logout" duration-ms="40386" started-at="2020-07-03T14:30:42 IST" finished-at="2020-07-03T14:31:23 IST">
          <reporter-output>
          </reporter-output>
        </test-method> <!-- Login_Logout -->
        <test-method status="PASS" signature="tearDown()[pri:0, instance:testcases.TC_01@20322d26]" name="tearDown" is-config="true" duration-ms="1841" started-at="2020-07-03T14:31:23 IST" finished-at="2020-07-03T14:31:25 IST">
          <reporter-output>
          </reporter-output>
        </test-method> <!-- tearDown -->
      </class> <!-- testcases.TC_01 -->
      <class name="testcases.TC_02">
        <test-method status="PASS" signature="setUp()[pri:0, instance:testcases.TC_02@192b07fd]" name="setUp" is-config="true" duration-ms="4113" started-at="2020-07-03T14:31:25 IST" finished-at="2020-07-03T14:31:29 IST">
          <reporter-output>
          </reporter-output>
        </test-method> <!-- setUp -->
        <test-method status="PASS" signature="method(java.lang.reflect.Method)[pri:0, instance:testcases.TC_02@192b07fd]" name="method" is-config="true" duration-ms="1" started-at="2020-07-03T14:31:29 IST" finished-at="2020-07-03T14:31:29 IST">
          <params>
            <param index="0">
              <value>
                <![CDATA[public void testcases.TC_02.Add_User() throws java.io.IOException,java.lang.InterruptedException]]>
              </value>
            </param>
          </params>
          <reporter-output>
          </reporter-output>
        </test-method> <!-- method -->
        <test-method status="PASS" signature="Add_User()[pri:0, instance:testcases.TC_02@192b07fd]" name="Add_User" duration-ms="58576" started-at="2020-07-03T14:31:29 IST" finished-at="2020-07-03T14:32:27 IST">
          <reporter-output>
          </reporter-output>
        </test-method> <!-- Add_User -->
        <test-method status="PASS" signature="tearDown()[pri:0, instance:testcases.TC_02@192b07fd]" name="tearDown" is-config="true" duration-ms="995" started-at="2020-07-03T14:32:27 IST" finished-at="2020-07-03T14:32:28 IST">
          <reporter-output>
          </reporter-output>
        </test-method> <!-- tearDown -->
      </class> <!-- testcases.TC_02 -->
    </test> <!-- Test -->
  </suite> <!-- OrangeSuite -->
</testng-results>
